# JRE version: Java(TM) SE Runtime Environment (8.0_271-b09) (build 1.8.0_271-b09)
# Java VM: Java HotSpot(TM) Client VM (25.271-b09 mixed mode windows-x86 )
Heap:
 def new generation   total 78656K, used 71240K [0x04c00000, 0x0a150000, 0x0a150000)
  eden space 69952K,  99% used [0x04c00000, 0x09037ae8, 0x09050000)
  from space 8704K,  15% used [0x098d0000, 0x09a2a7e0, 0x0a150000)
  to   space 8704K,   0% used [0x09050000, 0x09050000, 0x098d0000)
 tenured generation   total 174784K, used 129628K [0x0a150000, 0x14c00000, 0x14c00000)
   the space 174784K,  74% used [0x0a150000, 0x11fe7198, 0x11fe7200, 0x14c00000)
 Metaspace       used 30008K, capacity 31133K, committed 31232K, reserved 32128K
GC Heap History (10 events):
Event: 220.830 GC heap before
{Heap before GC invocations=121 (full 13):
 def new generation   total 78656K, used 78656K [0x04c00000, 0x0a150000, 0x0a150000)
  eden space 69952K, 100% used [0x04c00000, 0x09050000, 0x09050000)
  from space 8704K, 100% used [0x09050000, 0x098d0000, 0x098d0000)
  to   space 8704K,   0% used [0x098d0000, 0x098d0000, 0x0a150000)
 tenured generation   total 174784K, used 137460K [0x0a150000, 0x14c00000, 0x14c00000)
   the space 174784K,  78% used [0x0a150000, 0x1278d3d0, 0x1278d400, 0x14c00000)
 Metaspace       used 29880K, capacity 31000K, committed 31104K, reserved 31104K
Event: 220.851 GC heap after
Heap after GC invocations=122 (full 13):
 def new generation   total 78656K, used 8704K [0x04c00000, 0x0a150000, 0x0a150000)
  eden space 69952K,   0% used [0x04c00000, 0x04c00000, 0x09050000)
  from space 8704K, 100% used [0x098d0000, 0x0a150000, 0x0a150000)
  to   space 8704K,   0% used [0x09050000, 0x09050000, 0x098d0000)
 tenured generation   total 174784K, used 150948K [0x0a150000, 0x14c00000, 0x14c00000)
   the space 174784K,  86% used [0x0a150000, 0x134b93a0, 0x134b9400, 0x14c00000)
 Metaspace       used 29880K, capacity 31000K, committed 31104K, reserved 31104K
}
Event: 221.068 GC heap before
{Heap before GC invocations=122 (full 13):
 def new generation   total 78656K, used 78656K [0x04c00000, 0x0a150000, 0x0a150000)
  eden space 69952K, 100% used [0x04c00000, 0x09050000, 0x09050000)
  from space 8704K, 100% used [0x098d0000, 0x0a150000, 0x0a150000)
  to   space 8704K,   0% used [0x09050000, 0x09050000, 0x098d0000)
 tenured generation   total 174784K, used 150948K [0x0a150000, 0x14c00000, 0x14c00000)
   the space 174784K,  86% used [0x0a150000, 0x134b93a0, 0x134b9400, 0x14c00000)
 Metaspace       used 29921K, capacity 31032K, committed 31104K, reserved 31104K
Event: 221.221 GC heap after
Heap after GC invocations=123 (full 14):
 def new generation   total 78656K, used 0K [0x04c00000, 0x0a150000, 0x0a150000)
  eden space 69952K,   0% used [0x04c00000, 0x04c00000, 0x09050000)
  from space 8704K,   0% used [0x098d0000, 0x098d0000, 0x0a150000)
  to   space 8704K,   0% used [0x09050000, 0x09050000, 0x098d0000)
 tenured generation   total 174784K, used 141502K [0x0a150000, 0x14c00000, 0x14c00000)
   the space 174784K,  80% used [0x0a150000, 0x12b7fb18, 0x12b7fc00, 0x14c00000)
 Metaspace       used 29921K, capacity 31032K, committed 31104K, reserved 31104K
}
Event: 221.397 GC heap before
{Heap before GC invocations=123 (full 14):
 def new generation   total 78656K, used 69952K [0x04c00000, 0x0a150000, 0x0a150000)
  eden space 69952K, 100% used [0x04c00000, 0x09050000, 0x09050000)
  from space 8704K,   0% used [0x098d0000, 0x098d0000, 0x0a150000)
  to   space 8704K,   0% used [0x09050000, 0x09050000, 0x098d0000)
 tenured generation   total 174784K, used 141502K [0x0a150000, 0x14c00000, 0x14c00000)
   the space 174784K,  80% used [0x0a150000, 0x12b7fb18, 0x12b7fc00, 0x14c00000)
 Metaspace       used 29958K, capacity 31064K, committed 31232K, reserved 32128K
Event: 221.428 GC heap after
Heap after GC invocations=124 (full 14):
 def new generation   total 78656K, used 8704K [0x04c00000, 0x0a150000, 0x0a150000)
  eden space 69952K,   0% used [0x04c00000, 0x04c00000, 0x09050000)
  from space 8704K, 100% used [0x09050000, 0x098d0000, 0x098d0000)
  to   space 8704K,   0% used [0x098d0000, 0x098d0000, 0x0a150000)
 tenured generation   total 174784K, used 157139K [0x0a150000, 0x14c00000, 0x14c00000)
   the space 174784K,  89% used [0x0a150000, 0x13ac4f10, 0x13ac5000, 0x14c00000)
 Metaspace       used 29958K, capacity 31064K, committed 31232K, reserved 32128K
}
Event: 272.420 GC heap before
{Heap before GC invocations=124 (full 14):
 def new generation   total 78656K, used 78656K [0x04c00000, 0x0a150000, 0x0a150000)
  eden space 69952K, 100% used [0x04c00000, 0x09050000, 0x09050000)
  from space 8704K, 100% used [0x09050000, 0x098d0000, 0x098d0000)
  to   space 8704K,   0% used [0x098d0000, 0x098d0000, 0x0a150000)
 tenured generation   total 174784K, used 157139K [0x0a150000, 0x14c00000, 0x14c00000)
   the space 174784K,  89% used [0x0a150000, 0x13ac4f10, 0x13ac5000, 0x14c00000)
 Metaspace       used 29979K, capacity 31096K, committed 31232K, reserved 32128K
Event: 272.565 GC heap after
Heap after GC invocations=125 (full 15):
 def new generation   total 78656K, used 0K [0x04c00000, 0x0a150000, 0x0a150000)
  eden space 69952K,   0% used [0x04c00000, 0x04c00000, 0x09050000)
  from space 8704K,   0% used [0x09050000, 0x09050000, 0x098d0000)
  to   space 8704K,   0% used [0x098d0000, 0x098d0000, 0x0a150000)
 tenured generation   total 174784K, used 129628K [0x0a150000, 0x14c00000, 0x14c00000)
   the space 174784K,  74% used [0x0a150000, 0x11fe7198, 0x11fe7200, 0x14c00000)
 Metaspace       used 29979K, capacity 31096K, committed 31232K, reserved 32128K
}
Event: 308.559 GC heap before
{Heap before GC invocations=125 (full 15):
 def new generation   total 78656K, used 69952K [0x04c00000, 0x0a150000, 0x0a150000)
  eden space 69952K, 100% used [0x04c00000, 0x09050000, 0x09050000)
  from space 8704K,   0% used [0x09050000, 0x09050000, 0x098d0000)
  to   space 8704K,   0% used [0x098d0000, 0x098d0000, 0x0a150000)
 tenured generation   total 174784K, used 129628K [0x0a150000, 0x14c00000, 0x14c00000)
   the space 174784K,  74% used [0x0a150000, 0x11fe7198, 0x11fe7200, 0x14c00000)
 Metaspace       used 29980K, capacity 31099K, committed 31232K, reserved 32128K
Event: 308.564 GC heap after
Heap after GC invocations=126 (full 15):
 def new generation   total 78656K, used 1385K [0x04c00000, 0x0a150000, 0x0a150000)
  eden space 69952K,   0% used [0x04c00000, 0x04c00000, 0x09050000)
  from space 8704K,  15% used [0x098d0000, 0x09a2a7e0, 0x0a150000)
  to   space 8704K,   0% used [0x09050000, 0x09050000, 0x098d0000)
 tenured generation   total 174784K, used 129628K [0x0a150000, 0x14c00000, 0x14c00000)
   the space 174784K,  74% used [0x0a150000, 0x11fe7198, 0x11fe7200, 0x14c00000)
 Metaspace       used 29980K, capacity 31099K, committed 31232K, reserved 32128K
}

